09-10 14:49:51.192 [    main] INFO | org.springframework.boot.StartupInfoLogger.logStarting:51 Starting CodegymJiraApplication using Java 17.0.16 with PID 9028 (C:\Users\ojgon\OneDrive\Documentos\gitlocal\proyectofinalmodulo5_v1\target\classes started by ojgon in C:\Users\ojgon\OneDrive\Documentos\gitlocal\proyectofinalmodulo5_v1)
09-10 14:49:51.200 [    main] DEBUG| org.springframework.boot.StartupInfoLogger.logStarting:52 Running with Spring Boot v3.0.2, Spring v6.0.4
09-10 14:49:51.201 [    main] INFO | org.springframework.boot.SpringApplication.logStartupProfileInfo:636 The following 1 profile is active: "prod"
09-10 14:49:57.378 [    main] WARN | o.h.b.i.MetadataBuilderImpl$MetadataBuildingOptionsImpl.lambda$new$1:626 HHH90000021: Encountered deprecated setting [javax.persistence.sharedCache.mode], use [jakarta.persistence.sharedCache.mode] instead
09-10 14:50:02.624 [    main] DEBUG| o.s.w.s.m.m.annotation.ExceptionHandlerExceptionResolver.initExceptionHandlerAdviceCache:292 ControllerAdvice beans: 3 @ExceptionHandler, 1 ResponseBodyAdvice
09-10 14:50:03.178 [    main] DEBUG| o.s.scheduling.concurrent.ExecutorConfigurationSupport.initialize:181 Initializing ExecutorService 'mailExecutor'
09-10 14:50:03.372 [    main] INFO | com.codegym.jira.ref.ReferenceService.initialize:56 init loading
09-10 14:50:03.706 [    main] DEBUG| o.s.web.servlet.handler.SimpleUrlHandlerMapping.logMappings:187 Patterns [/view/**] in 'getUrlHandlerMapping'
09-10 14:50:04.745 [    main] DEBUG| com.codegym.jira.common.internal.config.SecurityConfig.createFilteredClientRegistrationRepository:155 Manteniendo proveedor OAuth2: github
09-10 14:50:04.746 [    main] INFO | com.codegym.jira.common.internal.config.SecurityConfig.createFilteredClientRegistrationRepository:157 Deshabilitando proveedor OAuth2: facebook
09-10 14:50:04.746 [    main] DEBUG| com.codegym.jira.common.internal.config.SecurityConfig.createFilteredClientRegistrationRepository:155 Manteniendo proveedor OAuth2: google
09-10 14:50:04.746 [    main] DEBUG| com.codegym.jira.common.internal.config.SecurityConfig.createFilteredClientRegistrationRepository:155 Manteniendo proveedor OAuth2: gitlab
09-10 14:50:04.747 [    main] INFO | com.codegym.jira.common.internal.config.SecurityConfig.createFilteredClientRegistrationRepository:161 Proveedores OAuth2 habilitados: [github, google, gitlab]
09-10 14:50:05.382 [    main] INFO | org.springframework.boot.StartupInfoLogger.logStarted:57 Started CodegymJiraApplication in 15.694 seconds (process running for 17.18)
09-10 14:50:14.454 [0-exec-6] WARN | org.apache.juli.logging.DirectJDKLog.log:173 Creation of SecureRandom instance for session ID generation using [SHA1PRNG] took [111] milliseconds.
09-10 14:50:14.485 [-exec-10] DEBUG| o.springframework.web.servlet.handler.AbstractHandlerMapping.getHandler:527 Mapped to org.springframework.web.servlet.mvc.UrlFilenameViewController@186e1555
09-10 14:50:14.486 [-exec-10] DEBUG| o.springframework.web.servlet.handler.AbstractHandlerMapping.getHandler:527 Mapped to org.springframework.web.servlet.mvc.UrlFilenameViewController@186e1555
09-10 14:50:18.800 [0-exec-4] DEBUG| o.springframework.web.servlet.handler.AbstractHandlerMapping.getHandler:527 Mapped to org.springframework.web.servlet.mvc.UrlFilenameViewController@186e1555
09-10 14:50:18.800 [0-exec-4] DEBUG| o.springframework.web.servlet.handler.AbstractHandlerMapping.getHandler:527 Mapped to org.springframework.web.servlet.mvc.UrlFilenameViewController@186e1555
09-10 14:50:19.527 [0-exec-2] DEBUG| o.springframework.web.servlet.handler.AbstractHandlerMapping.getHandler:527 Mapped to org.springframework.web.servlet.mvc.UrlFilenameViewController@186e1555
09-10 14:50:19.528 [0-exec-2] DEBUG| o.springframework.web.servlet.handler.AbstractHandlerMapping.getHandler:527 Mapped to org.springframework.web.servlet.mvc.UrlFilenameViewController@186e1555
09-10 14:50:22.140 [0-exec-9] WARN | o.s.s.o.client.web.OAuth2AuthorizationRequestRedirectFilter.unsuccessfulRedirectForAuthorization:231 Authorization Request failed: org.springframework.security.oauth2.client.web.InvalidClientRegistrationIdException: Invalid Client Registration with Id: facebook
org.springframework.security.oauth2.client.web.InvalidClientRegistrationIdException: Invalid Client Registration with Id: facebook
	at org.springframework.security.oauth2.client.web.DefaultOAuth2AuthorizationRequestResolver.resolve(DefaultOAuth2AuthorizationRequestResolver.java:152)
	at org.springframework.security.oauth2.client.web.DefaultOAuth2AuthorizationRequestResolver.resolve(DefaultOAuth2AuthorizationRequestResolver.java:111)
	at org.springframework.security.oauth2.client.web.OAuth2AuthorizationRequestRedirectFilter.doFilterInternal(OAuth2AuthorizationRequestRedirectFilter.java:170)
	at org.springframework.web.filter.OncePerRequestFilter.doFilter(OncePerRequestFilter.java:116)
	at org.springframework.security.web.FilterChainProxy$VirtualFilterChain.doFilter(FilterChainProxy.java:374)
	at org.springframework.security.web.authentication.logout.LogoutFilter.doFilter(LogoutFilter.java:107)
	at org.springframework.security.web.authentication.logout.LogoutFilter.doFilter(LogoutFilter.java:93)
	at org.springframework.security.web.FilterChainProxy$VirtualFilterChain.doFilter(FilterChainProxy.java:374)
	at org.springframework.security.web.header.HeaderWriterFilter.doHeadersAfter(HeaderWriterFilter.java:90)
	at org.springframework.security.web.header.HeaderWriterFilter.doFilterInternal(HeaderWriterFilter.java:75)
	at org.springframework.web.filter.OncePerRequestFilter.doFilter(OncePerRequestFilter.java:116)
	at org.springframework.security.web.FilterChainProxy$VirtualFilterChain.doFilter(FilterChainProxy.java:374)
	at org.springframework.security.web.context.SecurityContextHolderFilter.doFilter(SecurityContextHolderFilter.java:82)
	at org.springframework.security.web.context.SecurityContextHolderFilter.doFilter(SecurityContextHolderFilter.java:69)
	at org.springframework.security.web.FilterChainProxy$VirtualFilterChain.doFilter(FilterChainProxy.java:374)
	at org.springframework.security.web.context.request.async.WebAsyncManagerIntegrationFilter.doFilterInternal(WebAsyncManagerIntegrationFilter.java:62)
	at org.springframework.web.filter.OncePerRequestFilter.doFilter(OncePerRequestFilter.java:116)
	at org.springframework.security.web.FilterChainProxy$VirtualFilterChain.doFilter(FilterChainProxy.java:374)
	at org.springframework.security.web.session.DisableEncodeUrlFilter.doFilterInternal(DisableEncodeUrlFilter.java:42)
	at org.springframework.web.filter.OncePerRequestFilter.doFilter(OncePerRequestFilter.java:116)
	at org.springframework.security.web.FilterChainProxy$VirtualFilterChain.doFilter(FilterChainProxy.java:374)
	at org.springframework.security.web.FilterChainProxy.doFilterInternal(FilterChainProxy.java:233)
	at org.springframework.security.web.FilterChainProxy.doFilter(FilterChainProxy.java:191)
	at org.springframework.web.filter.DelegatingFilterProxy.invokeDelegate(DelegatingFilterProxy.java:351)
	at org.springframework.web.filter.DelegatingFilterProxy.doFilter(DelegatingFilterProxy.java:267)
	at org.apache.catalina.core.ApplicationFilterChain.internalDoFilter(ApplicationFilterChain.java:185)
	at org.apache.catalina.core.ApplicationFilterChain.doFilter(ApplicationFilterChain.java:158)
	at org.springframework.web.filter.RequestContextFilter.doFilterInternal(RequestContextFilter.java:100)
	at org.springframework.web.filter.OncePerRequestFilter.doFilter(OncePerRequestFilter.java:116)
	at org.apache.catalina.core.ApplicationFilterChain.internalDoFilter(ApplicationFilterChain.java:185)
	at org.apache.catalina.core.ApplicationFilterChain.doFilter(ApplicationFilterChain.java:158)
	at org.springframework.web.filter.FormContentFilter.doFilterInternal(FormContentFilter.java:93)
	at org.springframework.web.filter.OncePerRequestFilter.doFilter(OncePerRequestFilter.java:116)
	at org.apache.catalina.core.ApplicationFilterChain.internalDoFilter(ApplicationFilterChain.java:185)
	at org.apache.catalina.core.ApplicationFilterChain.doFilter(ApplicationFilterChain.java:158)
	at org.springframework.web.filter.CharacterEncodingFilter.doFilterInternal(CharacterEncodingFilter.java:201)
	at org.springframework.web.filter.OncePerRequestFilter.doFilter(OncePerRequestFilter.java:116)
	at org.apache.catalina.core.ApplicationFilterChain.internalDoFilter(ApplicationFilterChain.java:185)
	at org.apache.catalina.core.ApplicationFilterChain.doFilter(ApplicationFilterChain.java:158)
	at org.apache.catalina.core.StandardWrapperValve.invoke(StandardWrapperValve.java:177)
	at org.apache.catalina.core.StandardContextValve.invoke(StandardContextValve.java:97)
	at org.apache.catalina.authenticator.AuthenticatorBase.invoke(AuthenticatorBase.java:542)
	at org.apache.catalina.core.StandardHostValve.invoke(StandardHostValve.java:119)
	at org.apache.catalina.valves.ErrorReportValve.invoke(ErrorReportValve.java:92)
	at org.apache.catalina.core.StandardEngineValve.invoke(StandardEngineValve.java:78)
	at org.apache.catalina.connector.CoyoteAdapter.service(CoyoteAdapter.java:357)
	at org.apache.coyote.http11.Http11Processor.service(Http11Processor.java:400)
	at org.apache.coyote.AbstractProcessorLight.process(AbstractProcessorLight.java:65)
	at org.apache.coyote.AbstractProtocol$ConnectionHandler.process(AbstractProtocol.java:859)
	at org.apache.tomcat.util.net.NioEndpoint$SocketProcessor.doRun(NioEndpoint.java:1734)
	at org.apache.tomcat.util.net.SocketProcessorBase.run(SocketProcessorBase.java:52)
	at org.apache.tomcat.util.threads.ThreadPoolExecutor.runWorker(ThreadPoolExecutor.java:1191)
	at org.apache.tomcat.util.threads.ThreadPoolExecutor$Worker.run(ThreadPoolExecutor.java:659)
	at org.apache.tomcat.util.threads.TaskThread$WrappingRunnable.run(TaskThread.java:61)
	at java.base/java.lang.Thread.run(Thread.java:840)
09-10 14:50:22.172 [0-exec-3] DEBUG| o.springframework.web.servlet.handler.AbstractHandlerMapping.getHandler:527 Mapped to org.springframework.web.servlet.mvc.UrlFilenameViewController@186e1555
09-10 14:50:22.176 [0-exec-3] DEBUG| o.springframework.web.servlet.handler.AbstractHandlerMapping.getHandler:527 Mapped to org.springframework.web.servlet.mvc.UrlFilenameViewController@186e1555
09-10 14:50:22.458 [0-exec-9] DEBUG| o.springframework.web.servlet.handler.AbstractHandlerMapping.getHandler:527 Mapped to org.springframework.web.servlet.mvc.UrlFilenameViewController@186e1555
09-10 14:50:22.458 [0-exec-9] DEBUG| o.springframework.web.servlet.handler.AbstractHandlerMapping.getHandler:527 Mapped to org.springframework.web.servlet.mvc.UrlFilenameViewController@186e1555
09-10 14:50:27.263 [0-exec-7] WARN | o.s.s.o.client.web.OAuth2AuthorizationRequestRedirectFilter.unsuccessfulRedirectForAuthorization:231 Authorization Request failed: org.springframework.security.oauth2.client.web.InvalidClientRegistrationIdException: Invalid Client Registration with Id: facebook
org.springframework.security.oauth2.client.web.InvalidClientRegistrationIdException: Invalid Client Registration with Id: facebook
	at org.springframework.security.oauth2.client.web.DefaultOAuth2AuthorizationRequestResolver.resolve(DefaultOAuth2AuthorizationRequestResolver.java:152)
	at org.springframework.security.oauth2.client.web.DefaultOAuth2AuthorizationRequestResolver.resolve(DefaultOAuth2AuthorizationRequestResolver.java:111)
	at org.springframework.security.oauth2.client.web.OAuth2AuthorizationRequestRedirectFilter.doFilterInternal(OAuth2AuthorizationRequestRedirectFilter.java:170)
	at org.springframework.web.filter.OncePerRequestFilter.doFilter(OncePerRequestFilter.java:116)
	at org.springframework.security.web.FilterChainProxy$VirtualFilterChain.doFilter(FilterChainProxy.java:374)
	at org.springframework.security.web.authentication.logout.LogoutFilter.doFilter(LogoutFilter.java:107)
	at org.springframework.security.web.authentication.logout.LogoutFilter.doFilter(LogoutFilter.java:93)
	at org.springframework.security.web.FilterChainProxy$VirtualFilterChain.doFilter(FilterChainProxy.java:374)
	at org.springframework.security.web.header.HeaderWriterFilter.doHeadersAfter(HeaderWriterFilter.java:90)
	at org.springframework.security.web.header.HeaderWriterFilter.doFilterInternal(HeaderWriterFilter.java:75)
	at org.springframework.web.filter.OncePerRequestFilter.doFilter(OncePerRequestFilter.java:116)
	at org.springframework.security.web.FilterChainProxy$VirtualFilterChain.doFilter(FilterChainProxy.java:374)
	at org.springframework.security.web.context.SecurityContextHolderFilter.doFilter(SecurityContextHolderFilter.java:82)
	at org.springframework.security.web.context.SecurityContextHolderFilter.doFilter(SecurityContextHolderFilter.java:69)
	at org.springframework.security.web.FilterChainProxy$VirtualFilterChain.doFilter(FilterChainProxy.java:374)
	at org.springframework.security.web.context.request.async.WebAsyncManagerIntegrationFilter.doFilterInternal(WebAsyncManagerIntegrationFilter.java:62)
	at org.springframework.web.filter.OncePerRequestFilter.doFilter(OncePerRequestFilter.java:116)
	at org.springframework.security.web.FilterChainProxy$VirtualFilterChain.doFilter(FilterChainProxy.java:374)
	at org.springframework.security.web.session.DisableEncodeUrlFilter.doFilterInternal(DisableEncodeUrlFilter.java:42)
	at org.springframework.web.filter.OncePerRequestFilter.doFilter(OncePerRequestFilter.java:116)
	at org.springframework.security.web.FilterChainProxy$VirtualFilterChain.doFilter(FilterChainProxy.java:374)
	at org.springframework.security.web.FilterChainProxy.doFilterInternal(FilterChainProxy.java:233)
	at org.springframework.security.web.FilterChainProxy.doFilter(FilterChainProxy.java:191)
	at org.springframework.web.filter.DelegatingFilterProxy.invokeDelegate(DelegatingFilterProxy.java:351)
	at org.springframework.web.filter.DelegatingFilterProxy.doFilter(DelegatingFilterProxy.java:267)
	at org.apache.catalina.core.ApplicationFilterChain.internalDoFilter(ApplicationFilterChain.java:185)
	at org.apache.catalina.core.ApplicationFilterChain.doFilter(ApplicationFilterChain.java:158)
	at org.springframework.web.filter.RequestContextFilter.doFilterInternal(RequestContextFilter.java:100)
	at org.springframework.web.filter.OncePerRequestFilter.doFilter(OncePerRequestFilter.java:116)
	at org.apache.catalina.core.ApplicationFilterChain.internalDoFilter(ApplicationFilterChain.java:185)
	at org.apache.catalina.core.ApplicationFilterChain.doFilter(ApplicationFilterChain.java:158)
	at org.springframework.web.filter.FormContentFilter.doFilterInternal(FormContentFilter.java:93)
	at org.springframework.web.filter.OncePerRequestFilter.doFilter(OncePerRequestFilter.java:116)
	at org.apache.catalina.core.ApplicationFilterChain.internalDoFilter(ApplicationFilterChain.java:185)
	at org.apache.catalina.core.ApplicationFilterChain.doFilter(ApplicationFilterChain.java:158)
	at org.springframework.web.filter.CharacterEncodingFilter.doFilterInternal(CharacterEncodingFilter.java:201)
	at org.springframework.web.filter.OncePerRequestFilter.doFilter(OncePerRequestFilter.java:116)
	at org.apache.catalina.core.ApplicationFilterChain.internalDoFilter(ApplicationFilterChain.java:185)
	at org.apache.catalina.core.ApplicationFilterChain.doFilter(ApplicationFilterChain.java:158)
	at org.apache.catalina.core.StandardWrapperValve.invoke(StandardWrapperValve.java:177)
	at org.apache.catalina.core.StandardContextValve.invoke(StandardContextValve.java:97)
	at org.apache.catalina.authenticator.AuthenticatorBase.invoke(AuthenticatorBase.java:542)
	at org.apache.catalina.core.StandardHostValve.invoke(StandardHostValve.java:119)
	at org.apache.catalina.valves.ErrorReportValve.invoke(ErrorReportValve.java:92)
	at org.apache.catalina.core.StandardEngineValve.invoke(StandardEngineValve.java:78)
	at org.apache.catalina.connector.CoyoteAdapter.service(CoyoteAdapter.java:357)
	at org.apache.coyote.http11.Http11Processor.service(Http11Processor.java:400)
	at org.apache.coyote.AbstractProcessorLight.process(AbstractProcessorLight.java:65)
	at org.apache.coyote.AbstractProtocol$ConnectionHandler.process(AbstractProtocol.java:859)
	at org.apache.tomcat.util.net.NioEndpoint$SocketProcessor.doRun(NioEndpoint.java:1734)
	at org.apache.tomcat.util.net.SocketProcessorBase.run(SocketProcessorBase.java:52)
	at org.apache.tomcat.util.threads.ThreadPoolExecutor.runWorker(ThreadPoolExecutor.java:1191)
	at org.apache.tomcat.util.threads.ThreadPoolExecutor$Worker.run(ThreadPoolExecutor.java:659)
	at org.apache.tomcat.util.threads.TaskThread$WrappingRunnable.run(TaskThread.java:61)
	at java.base/java.lang.Thread.run(Thread.java:840)
09-10 14:50:27.323 [0-exec-8] DEBUG| o.springframework.web.servlet.handler.AbstractHandlerMapping.getHandler:527 Mapped to org.springframework.web.servlet.mvc.UrlFilenameViewController@186e1555
09-10 14:50:27.323 [0-exec-8] DEBUG| o.springframework.web.servlet.handler.AbstractHandlerMapping.getHandler:527 Mapped to org.springframework.web.servlet.mvc.UrlFilenameViewController@186e1555
09-10 14:50:27.692 [0-exec-7] DEBUG| o.springframework.web.servlet.handler.AbstractHandlerMapping.getHandler:527 Mapped to org.springframework.web.servlet.mvc.UrlFilenameViewController@186e1555
09-10 14:50:27.692 [0-exec-7] DEBUG| o.springframework.web.servlet.handler.AbstractHandlerMapping.getHandler:527 Mapped to org.springframework.web.servlet.mvc.UrlFilenameViewController@186e1555
09-10 14:50:35.998 [0-exec-2] DEBUG| o.springframework.web.servlet.handler.AbstractHandlerMapping.getHandler:527 Mapped to org.springframework.web.servlet.mvc.UrlFilenameViewController@186e1555
09-10 14:50:35.999 [0-exec-2] DEBUG| o.springframework.web.servlet.handler.AbstractHandlerMapping.getHandler:527 Mapped to org.springframework.web.servlet.mvc.UrlFilenameViewController@186e1555
09-10 14:50:36.452 [0-exec-8] DEBUG| o.springframework.web.servlet.handler.AbstractHandlerMapping.getHandler:527 Mapped to org.springframework.web.servlet.mvc.UrlFilenameViewController@186e1555
09-10 14:50:36.452 [0-exec-8] DEBUG| o.springframework.web.servlet.handler.AbstractHandlerMapping.getHandler:527 Mapped to org.springframework.web.servlet.mvc.UrlFilenameViewController@186e1555
09-10 14:50:44.046 [0-exec-4] WARN | o.s.s.o.client.web.OAuth2AuthorizationRequestRedirectFilter.unsuccessfulRedirectForAuthorization:231 Authorization Request failed: org.springframework.security.oauth2.client.web.InvalidClientRegistrationIdException: Invalid Client Registration with Id: facebook
org.springframework.security.oauth2.client.web.InvalidClientRegistrationIdException: Invalid Client Registration with Id: facebook
	at org.springframework.security.oauth2.client.web.DefaultOAuth2AuthorizationRequestResolver.resolve(DefaultOAuth2AuthorizationRequestResolver.java:152)
	at org.springframework.security.oauth2.client.web.DefaultOAuth2AuthorizationRequestResolver.resolve(DefaultOAuth2AuthorizationRequestResolver.java:111)
	at org.springframework.security.oauth2.client.web.OAuth2AuthorizationRequestRedirectFilter.doFilterInternal(OAuth2AuthorizationRequestRedirectFilter.java:170)
	at org.springframework.web.filter.OncePerRequestFilter.doFilter(OncePerRequestFilter.java:116)
	at org.springframework.security.web.FilterChainProxy$VirtualFilterChain.doFilter(FilterChainProxy.java:374)
	at org.springframework.security.web.authentication.logout.LogoutFilter.doFilter(LogoutFilter.java:107)
	at org.springframework.security.web.authentication.logout.LogoutFilter.doFilter(LogoutFilter.java:93)
	at org.springframework.security.web.FilterChainProxy$VirtualFilterChain.doFilter(FilterChainProxy.java:374)
	at org.springframework.security.web.header.HeaderWriterFilter.doHeadersAfter(HeaderWriterFilter.java:90)
	at org.springframework.security.web.header.HeaderWriterFilter.doFilterInternal(HeaderWriterFilter.java:75)
	at org.springframework.web.filter.OncePerRequestFilter.doFilter(OncePerRequestFilter.java:116)
	at org.springframework.security.web.FilterChainProxy$VirtualFilterChain.doFilter(FilterChainProxy.java:374)
	at org.springframework.security.web.context.SecurityContextHolderFilter.doFilter(SecurityContextHolderFilter.java:82)
	at org.springframework.security.web.context.SecurityContextHolderFilter.doFilter(SecurityContextHolderFilter.java:69)
	at org.springframework.security.web.FilterChainProxy$VirtualFilterChain.doFilter(FilterChainProxy.java:374)
	at org.springframework.security.web.context.request.async.WebAsyncManagerIntegrationFilter.doFilterInternal(WebAsyncManagerIntegrationFilter.java:62)
	at org.springframework.web.filter.OncePerRequestFilter.doFilter(OncePerRequestFilter.java:116)
	at org.springframework.security.web.FilterChainProxy$VirtualFilterChain.doFilter(FilterChainProxy.java:374)
	at org.springframework.security.web.session.DisableEncodeUrlFilter.doFilterInternal(DisableEncodeUrlFilter.java:42)
	at org.springframework.web.filter.OncePerRequestFilter.doFilter(OncePerRequestFilter.java:116)
	at org.springframework.security.web.FilterChainProxy$VirtualFilterChain.doFilter(FilterChainProxy.java:374)
	at org.springframework.security.web.FilterChainProxy.doFilterInternal(FilterChainProxy.java:233)
	at org.springframework.security.web.FilterChainProxy.doFilter(FilterChainProxy.java:191)
	at org.springframework.web.filter.DelegatingFilterProxy.invokeDelegate(DelegatingFilterProxy.java:351)
	at org.springframework.web.filter.DelegatingFilterProxy.doFilter(DelegatingFilterProxy.java:267)
	at org.apache.catalina.core.ApplicationFilterChain.internalDoFilter(ApplicationFilterChain.java:185)
	at org.apache.catalina.core.ApplicationFilterChain.doFilter(ApplicationFilterChain.java:158)
	at org.springframework.web.filter.RequestContextFilter.doFilterInternal(RequestContextFilter.java:100)
	at org.springframework.web.filter.OncePerRequestFilter.doFilter(OncePerRequestFilter.java:116)
	at org.apache.catalina.core.ApplicationFilterChain.internalDoFilter(ApplicationFilterChain.java:185)
	at org.apache.catalina.core.ApplicationFilterChain.doFilter(ApplicationFilterChain.java:158)
	at org.springframework.web.filter.FormContentFilter.doFilterInternal(FormContentFilter.java:93)
	at org.springframework.web.filter.OncePerRequestFilter.doFilter(OncePerRequestFilter.java:116)
	at org.apache.catalina.core.ApplicationFilterChain.internalDoFilter(ApplicationFilterChain.java:185)
	at org.apache.catalina.core.ApplicationFilterChain.doFilter(ApplicationFilterChain.java:158)
	at org.springframework.web.filter.CharacterEncodingFilter.doFilterInternal(CharacterEncodingFilter.java:201)
	at org.springframework.web.filter.OncePerRequestFilter.doFilter(OncePerRequestFilter.java:116)
	at org.apache.catalina.core.ApplicationFilterChain.internalDoFilter(ApplicationFilterChain.java:185)
	at org.apache.catalina.core.ApplicationFilterChain.doFilter(ApplicationFilterChain.java:158)
	at org.apache.catalina.core.StandardWrapperValve.invoke(StandardWrapperValve.java:177)
	at org.apache.catalina.core.StandardContextValve.invoke(StandardContextValve.java:97)
	at org.apache.catalina.authenticator.AuthenticatorBase.invoke(AuthenticatorBase.java:542)
	at org.apache.catalina.core.StandardHostValve.invoke(StandardHostValve.java:119)
	at org.apache.catalina.valves.ErrorReportValve.invoke(ErrorReportValve.java:92)
	at org.apache.catalina.core.StandardEngineValve.invoke(StandardEngineValve.java:78)
	at org.apache.catalina.connector.CoyoteAdapter.service(CoyoteAdapter.java:357)
	at org.apache.coyote.http11.Http11Processor.service(Http11Processor.java:400)
	at org.apache.coyote.AbstractProcessorLight.process(AbstractProcessorLight.java:65)
	at org.apache.coyote.AbstractProtocol$ConnectionHandler.process(AbstractProtocol.java:859)
	at org.apache.tomcat.util.net.NioEndpoint$SocketProcessor.doRun(NioEndpoint.java:1734)
	at org.apache.tomcat.util.net.SocketProcessorBase.run(SocketProcessorBase.java:52)
	at org.apache.tomcat.util.threads.ThreadPoolExecutor.runWorker(ThreadPoolExecutor.java:1191)
	at org.apache.tomcat.util.threads.ThreadPoolExecutor$Worker.run(ThreadPoolExecutor.java:659)
	at org.apache.tomcat.util.threads.TaskThread$WrappingRunnable.run(TaskThread.java:61)
	at java.base/java.lang.Thread.run(Thread.java:840)
09-10 14:50:44.077 [0-exec-1] DEBUG| o.springframework.web.servlet.handler.AbstractHandlerMapping.getHandler:527 Mapped to org.springframework.web.servlet.mvc.UrlFilenameViewController@186e1555
09-10 14:50:44.077 [0-exec-1] DEBUG| o.springframework.web.servlet.handler.AbstractHandlerMapping.getHandler:527 Mapped to org.springframework.web.servlet.mvc.UrlFilenameViewController@186e1555
09-10 14:50:44.423 [0-exec-4] DEBUG| o.springframework.web.servlet.handler.AbstractHandlerMapping.getHandler:527 Mapped to org.springframework.web.servlet.mvc.UrlFilenameViewController@186e1555
09-10 14:50:44.424 [0-exec-4] DEBUG| o.springframework.web.servlet.handler.AbstractHandlerMapping.getHandler:527 Mapped to org.springframework.web.servlet.mvc.UrlFilenameViewController@186e1555
09-10 14:52:46.064 [downHook] DEBUG| o.s.scheduling.concurrent.ExecutorConfigurationSupport.shutdown:218 Shutting down ExecutorService 'mailExecutor'
09-10 14:54:43.269 [    main] INFO | org.springframework.boot.StartupInfoLogger.logStarting:51 Starting CodegymJiraApplication using Java 17.0.16 with PID 32756 (C:\Users\ojgon\OneDrive\Documentos\gitlocal\proyectofinalmodulo5_v1\target\classes started by ojgon in C:\Users\ojgon\OneDrive\Documentos\gitlocal\proyectofinalmodulo5_v1)
09-10 14:54:43.275 [    main] DEBUG| org.springframework.boot.StartupInfoLogger.logStarting:52 Running with Spring Boot v3.0.2, Spring v6.0.4
09-10 14:54:43.276 [    main] INFO | org.springframework.boot.SpringApplication.logStartupProfileInfo:636 The following 1 profile is active: "prod"
09-10 14:54:49.487 [    main] WARN | o.h.b.i.MetadataBuilderImpl$MetadataBuildingOptionsImpl.lambda$new$1:626 HHH90000021: Encountered deprecated setting [javax.persistence.sharedCache.mode], use [jakarta.persistence.sharedCache.mode] instead
09-10 14:54:54.369 [    main] DEBUG| o.s.w.s.m.m.annotation.ExceptionHandlerExceptionResolver.initExceptionHandlerAdviceCache:292 ControllerAdvice beans: 3 @ExceptionHandler, 1 ResponseBodyAdvice
09-10 14:54:54.792 [    main] DEBUG| o.s.scheduling.concurrent.ExecutorConfigurationSupport.initialize:181 Initializing ExecutorService 'mailExecutor'
09-10 14:54:54.950 [    main] INFO | com.codegym.jira.ref.ReferenceService.initialize:56 init loading
09-10 14:54:55.186 [    main] DEBUG| o.s.web.servlet.handler.SimpleUrlHandlerMapping.logMappings:187 Patterns [/view/**] in 'getUrlHandlerMapping'
09-10 14:54:56.062 [    main] DEBUG| com.codegym.jira.common.internal.config.SecurityConfig.createFilteredClientRegistrationRepository:155 Manteniendo proveedor OAuth2: github
09-10 14:54:56.063 [    main] INFO | com.codegym.jira.common.internal.config.SecurityConfig.createFilteredClientRegistrationRepository:157 Deshabilitando proveedor OAuth2: facebook
09-10 14:54:56.063 [    main] DEBUG| com.codegym.jira.common.internal.config.SecurityConfig.createFilteredClientRegistrationRepository:155 Manteniendo proveedor OAuth2: google
09-10 14:54:56.064 [    main] DEBUG| com.codegym.jira.common.internal.config.SecurityConfig.createFilteredClientRegistrationRepository:155 Manteniendo proveedor OAuth2: gitlab
09-10 14:54:56.065 [    main] INFO | com.codegym.jira.common.internal.config.SecurityConfig.createFilteredClientRegistrationRepository:161 Proveedores OAuth2 habilitados: [github, google, gitlab]
09-10 14:54:56.660 [    main] INFO | org.springframework.boot.StartupInfoLogger.logStarted:57 Started CodegymJiraApplication in 14.744 seconds (process running for 16.288)
09-10 14:55:25.243 [0-exec-1] DEBUG| o.springframework.web.servlet.handler.AbstractHandlerMapping.getHandler:527 Mapped to org.springframework.web.servlet.mvc.UrlFilenameViewController@264844c1
09-10 14:55:25.274 [0-exec-1] DEBUG| o.springframework.web.servlet.handler.AbstractHandlerMapping.getHandler:527 Mapped to org.springframework.web.servlet.mvc.UrlFilenameViewController@264844c1
09-10 14:55:26.536 [-exec-10] DEBUG| o.springframework.web.servlet.handler.AbstractHandlerMapping.getHandler:527 Mapped to org.springframework.web.servlet.mvc.UrlFilenameViewController@264844c1
09-10 14:55:26.538 [-exec-10] DEBUG| o.springframework.web.servlet.handler.AbstractHandlerMapping.getHandler:527 Mapped to org.springframework.web.servlet.mvc.UrlFilenameViewController@264844c1
09-10 14:55:33.148 [0-exec-5] DEBUG| o.springframework.web.servlet.handler.AbstractHandlerMapping.getHandler:527 Mapped to org.springframework.web.servlet.mvc.UrlFilenameViewController@264844c1
09-10 14:55:33.148 [0-exec-5] DEBUG| o.springframework.web.servlet.handler.AbstractHandlerMapping.getHandler:527 Mapped to org.springframework.web.servlet.mvc.UrlFilenameViewController@264844c1
09-10 14:55:33.482 [0-exec-8] DEBUG| o.springframework.web.servlet.handler.AbstractHandlerMapping.getHandler:527 Mapped to org.springframework.web.servlet.mvc.UrlFilenameViewController@264844c1
09-10 14:55:33.483 [0-exec-8] DEBUG| o.springframework.web.servlet.handler.AbstractHandlerMapping.getHandler:527 Mapped to org.springframework.web.servlet.mvc.UrlFilenameViewController@264844c1
09-10 14:55:47.981 [0-exec-5] DEBUG| o.springframework.web.servlet.handler.AbstractHandlerMapping.getHandler:527 Mapped to org.springframework.web.servlet.mvc.UrlFilenameViewController@264844c1
09-10 14:55:48.181 [0-exec-5] DEBUG| com.codegym.jira.common.internal.config.SecurityConfig.lambda$userDetailsService$0:57 Authenticating 'admin@gmail.com'
09-10 14:55:48.709 [0-exec-2] ERROR| com.codegym.jira.common.internal.web.UIExceptionHandler.processError:56 ERR# Exception No message available at request /static/bootstrap/css/bootstrap-select.min.css
09-10 14:55:52.889 [-exec-10] DEBUG| o.springframework.web.servlet.handler.AbstractHandlerMapping.getHandler:527 Mapped to org.springframework.web.servlet.mvc.UrlFilenameViewController@264844c1
09-10 14:55:52.890 [-exec-10] DEBUG| o.springframework.web.servlet.handler.AbstractHandlerMapping.getHandler:527 Mapped to org.springframework.web.servlet.mvc.UrlFilenameViewController@264844c1
09-10 14:55:55.280 [0-exec-7] DEBUG| o.springframework.web.servlet.handler.AbstractHandlerMapping.getHandler:527 Mapped to org.springframework.web.servlet.mvc.UrlFilenameViewController@264844c1
09-10 14:55:55.282 [0-exec-7] DEBUG| o.springframework.web.servlet.handler.AbstractHandlerMapping.getHandler:527 Mapped to org.springframework.web.servlet.mvc.UrlFilenameViewController@264844c1
09-10 14:55:55.752 [-exec-10] DEBUG| o.springframework.web.servlet.handler.AbstractHandlerMapping.getHandler:527 Mapped to org.springframework.web.servlet.mvc.UrlFilenameViewController@264844c1
09-10 14:55:55.753 [-exec-10] DEBUG| o.springframework.web.servlet.handler.AbstractHandlerMapping.getHandler:527 Mapped to org.springframework.web.servlet.mvc.UrlFilenameViewController@264844c1
09-10 14:56:04.153 [downHook] DEBUG| o.s.scheduling.concurrent.ExecutorConfigurationSupport.shutdown:218 Shutting down ExecutorService 'mailExecutor'
